Arguments: 
  /usr/local/bin/node /opt/yarn-v1.22.5/bin/yarn.js add ipfs-http-client react @project/contracts apollo-boost web3modal chalk styled-components @ethersproject/contracts @testing-library/jest-dom @apollo/react-hooks @ethersproject/providers react-dom @testing-library/react @walletconnect/web3-provider

PATH: 
  /nix/store/hd36adsrs62c3fj441lk421xlksv78n7-pid1-0.0.0-0d5d514/bin:/nix/store/1d14fcwp2z64wmmr5jpfa1m5zay0n9fq-silver-searcher-2.2.0/bin:/nix/store/fgbzvd4c6nly9m4dpczrxybdpkm8mnk3-bash-interactive-4.4-p23/bin:/nix/store/0vkw1m51q34dr64z5i87dy99an4hfmyg-coreutils-8.32/bin:/nix/store/ng35kcfzm03fdmp97nc2dxi63jv41sca-vscode-cpptools-dap-1.3.1/bin:/nix/store/n578yqf36hxxs6nhcwq35gkqhv2b00cl-replit-python-dap-wrapper-1.0.0/bin:/nix/store/yzr5fybypw977fxnqj3gsp3gznh1lbm2-fluxbox/bin:/nix/store/yajjhyqf4qc1jk0vp5hafz70wmii66dx-prybar-nodejs-0.0.0-4a42408/bin:/nix/store/7bf2l1b07vj9m9p1fn4g64h5sba2i9ls-pulseaudio-14.2/bin:/nix/store/8cpkwghsa1crf84x7155pnsx5xjqyzsz-rfbproxy-0.0.0-b81eb2f/bin:/nix/store/fy1vhp96i11ng6mwbr0l5apj68c64lgr-tigervnc-1.11.0/bin:/nix/store/mjbrcsjhn4smd1jdl4nkywpvzdyfcd14-upm-0.0.0-98447b2/bin:/nix/store/3hny06xvqvc4irdnknk732a2km9b93rq-xwininfo-1.1.4/bin:/home/runner/bin:/usr/local/sbin:/usr/local/bin:/usr/sbin:/usr/bin:/sbin:/bin

Yarn version: 
  1.22.5

Node version: 
  12.22.6

Platform: 
  linux x64

Trace: 
  Error: https://registry.yarnpkg.com/@project%2fcontracts: Not found
      at Request.params.callback [as _callback] (/opt/yarn-v1.22.5/lib/cli.js:66988:18)
      at Request.self.callback (/opt/yarn-v1.22.5/lib/cli.js:140749:22)
      at Request.emit (events.js:314:20)
      at Request.<anonymous> (/opt/yarn-v1.22.5/lib/cli.js:141721:10)
      at Request.emit (events.js:314:20)
      at IncomingMessage.<anonymous> (/opt/yarn-v1.22.5/lib/cli.js:141643:12)
      at Object.onceWrapper (events.js:420:28)
      at IncomingMessage.emit (events.js:326:22)
      at endReadableNT (_stream_readable.js:1241:12)
      at processTicksAndRejections (internal/process/task_queues.js:84:21)

npm manifest: 
  {
    "name": "ethapp",
    "version": "1.0.0",
    "main": "index.js",
    "license": "MIT"
  }

yarn manifest: 
  No manifest

Lockfile: 
  # THIS IS AN AUTOGENERATED FILE. DO NOT EDIT THIS FILE DIRECTLY.
  # yarn lockfile v1
